<?xml version="1.0" encoding="UTF-8" ?>
<testsuite tests="6" failures="0" name="com.epam.kata.csv_processor.client.CsvProcessorClientTest" time="0.552" errors="0" skipped="0">
  <properties>
    <property name="java.runtime.name" value="Java(TM) SE Runtime Environment"/>
    <property name="java.vm.version" value="13.0.1+9"/>
    <property name="sun.boot.library.path" value="C:\Program Files\Java\jdk-13.0.1\bin"/>
    <property name="maven.multiModuleProjectDirectory" value="C:\Users\piyush\practice\csv-processor"/>
    <property name="java.vm.vendor" value="Oracle Corporation"/>
    <property name="java.vendor.url" value="https://java.oracle.com/"/>
    <property name="guice.disable.misplaced.annotation.check" value="true"/>
    <property name="path.separator" value=";"/>
    <property name="java.vm.name" value="Java HotSpot(TM) 64-Bit Server VM"/>
    <property name="sun.os.patch.level" value=""/>
    <property name="user.script" value=""/>
    <property name="user.country" value="US"/>
    <property name="sun.java.launcher" value="SUN_STANDARD"/>
    <property name="java.vm.specification.name" value="Java Virtual Machine Specification"/>
    <property name="user.dir" value="C:\Users\piyush\practice\csv-processor"/>
    <property name="java.vm.compressedOopsMode" value="Zero based"/>
    <property name="java.runtime.version" value="13.0.1+9"/>
    <property name="os.arch" value="amd64"/>
    <property name="java.io.tmpdir" value="C:\Users\piyush\AppData\Local\Temp\"/>
    <property name="line.separator" value="
"/>
    <property name="java.vm.specification.vendor" value="Oracle Corporation"/>
    <property name="user.variant" value=""/>
    <property name="os.name" value="Windows 8.1"/>
    <property name="classworlds.conf" value="C:\Users\piyush\practice\.metadata\.plugins\org.eclipse.m2e.launching\launches\m2conf5324212704046964565.tmp"/>
    <property name="sun.jnu.encoding" value="Cp1252"/>
    <property name="java.library.path" value="C:\Program Files\Java\jdk-13.0.1\bin;C:\WINDOWS\Sun\Java\bin;C:\WINDOWS\system32;C:\WINDOWS;C:/Program Files/Java/jre1.8.0_161/bin/server;C:/Program Files/Java/jre1.8.0_161/bin;C:/Program Files/Java/jre1.8.0_161/lib/amd64;C:\ProgramData\Oracle\Java\javapath;C:\Program Files (x86)\Intel\iCLS Client\;C:\Program Files\Intel\iCLS Client\;C:\WINDOWS\System32;C:\WINDOWS;C:\WINDOWS\System32\Wbem;C:\WINDOWS\System32\WindowsPowerShell\v1.0\;C:\Program Files\Intel\Intel(R) Management Engine Components\DAL;C:\Program Files (x86)\Intel\Intel(R) Management Engine Components\DAL;C:\Program Files\Intel\Intel(R) Management Engine Components\IPT;C:\Program Files (x86)\Intel\Intel(R) Management Engine Components\IPT;c:\Program Files (x86)\ATI Technologies\ATI.ACE\Core-Static;C:\Program Files\Intel\WiFi\bin\;C:\Program Files\Common Files\Intel\WirelessCommon\;C:\Program Files\PuTTY\;C:\Program Files\Git\cmd;C:\Program Files\Amazon\AWSCLI\;C:\wamp64\bin\php\php5.6.31;C:\ProgramData\ComposerSetup\bin;C:\Program Files\Microsoft VS Code\bin;C:\Program Files\CMake\bin;C:\Users\piyush\AppData\Roaming\npm;C:\Program Files\Git\cmd;C:\Program Files\Amazon\AWSCLIV2DevPreview\;C:\Useful_docs\Locker\files\softs\flutter_web\flutter\bin\;C:\Program Files\PowerShell\7\;C:\Program Files\nodejs\;C:\Useful_docs\Locker\files\softs\apache-zookeeper-3.6.1-bin\apache-zookeeper-3.6.1-bin\bin;C:\Users\piyush\AppData\Local\Programs\Python\Python38\Scripts\;C:\Users\piyush\AppData\Local\Programs\Python\Python38\;C:\Windows\System32;C:\Program Files\CMake\bin;C:\Users\piyush\AppData\Roaming\npm\node_modules\@angular\cli\bin;C:\Program Files\Git\cmd;C:\Program Files\Docker Toolbox;C:\Users\piyush\AppData\Roaming\npm;C:\Useful_docs\Locker\files\softs\eclipse-jee-2019-06-R-win32-x86_64\eclipse;;."/>
    <property name="jdk.debug" value="release"/>
    <property name="java.class.version" value="57.0"/>
    <property name="java.specification.name" value="Java Platform API Specification"/>
    <property name="sun.management.compiler" value="HotSpot 64-Bit Tiered Compilers"/>
    <property name="os.version" value="6.3"/>
    <property name="user.home" value="C:\Users\piyush"/>
    <property name="user.timezone" value="Asia/Calcutta"/>
    <property name="file.encoding" value="Cp1252"/>
    <property name="java.specification.version" value="13"/>
    <property name="user.name" value="piyush"/>
    <property name="java.class.path" value="C:\Useful_docs\Locker\files\softs\eclipse-jee-2019-06-R-win32-x86_64\eclipse\plugins\org.eclipse.m2e.maven.runtime_1.12.0.20190529-1915\jars\plexus-classworlds-2.6.0.jar"/>
    <property name="java.vm.specification.version" value="13"/>
    <property name="sun.arch.data.model" value="64"/>
    <property name="sun.java.command" value="org.codehaus.plexus.classworlds.launcher.Launcher -B install"/>
    <property name="java.home" value="C:\Program Files\Java\jdk-13.0.1"/>
    <property name="user.language" value="en"/>
    <property name="java.specification.vendor" value="Oracle Corporation"/>
    <property name="java.vm.info" value="mixed mode, sharing"/>
    <property name="java.version" value="13.0.1"/>
    <property name="java.vendor" value="Oracle Corporation"/>
    <property name="maven.home" value="C:\Users\piyush\practice\csv-processor\EMBEDDED"/>
    <property name="file.separator" value="\"/>
    <property name="java.version.date" value="2019-10-15"/>
    <property name="java.vendor.url.bug" value="https://bugreport.java.com/bugreport/"/>
    <property name="sun.io.unicode.encoding" value="UnicodeLittle"/>
    <property name="sun.cpu.endian" value="little"/>
    <property name="sun.cpu.isalist" value="amd64"/>
  </properties>
  <testcase classname="com.epam.kata.csv_processor.client.CsvProcessorClientTest" name="sortCsvFileContentByAge" time="0.541"/>
  <testcase classname="com.epam.kata.csv_processor.client.CsvProcessorClientTest" name="getColumnNamesHavingNullOrEmptyValues" time="0"/>
  <testcase classname="com.epam.kata.csv_processor.client.CsvProcessorClientTest" name="loadDataForInvalidFile" time="0.008"/>
  <testcase classname="com.epam.kata.csv_processor.client.CsvProcessorClientTest" name="deletRowByNameAndGetEntity" time="0.002"/>
  <testcase classname="com.epam.kata.csv_processor.client.CsvProcessorClientTest" name="getClonedCopy" time="0.001"/>
  <testcase classname="com.epam.kata.csv_processor.client.CsvProcessorClientTest" name="loadData" time="0"/>
</testsuite>